#
# There is insufficient memory for the Java Runtime Environment to continue.
# Native memory allocation (mmap) failed to map 65536 bytes for Failed to commit metaspace.
# Possible reasons:
#   The system is out of physical RAM or swap space
#   The process is running with CompressedOops enabled, and the Java Heap may be blocking the growth of the native heap
# Possible solutions:
#   Reduce memory load on the system
#   Increase physical memory or swap space
#   Check if swap backing store is full
#   Decrease Java heap size (-Xmx/-Xms)
#   Decrease number of Java threads
#   Decrease Java thread stack sizes (-Xss)
#   Set larger code cache with -XX:ReservedCodeCacheSize=
#   JVM is running with Unscaled Compressed Oops mode in which the Java heap is
#     placed in the first 4GB address space. The Java Heap base address is the
#     maximum limit for the native heap growth. Please use -XX:HeapBaseMinAddress
#     to set the Java Heap base and to place the Java Heap above 4GB virtual address.
# This output file may be truncated or incomplete.
#
#  Out of Memory Error (virtualSpaceNode.cpp:110), pid=4352, tid=33092
#
# JRE version: Java(TM) SE Runtime Environment (17.0.9+11) (build 17.0.9+11-LTS-201)
# Java VM: Java HotSpot(TM) 64-Bit Server VM (17.0.9+11-LTS-201, mixed mode, tiered, compressed oops, compressed class ptrs, g1 gc, windows-amd64)
# No core dump will be written. Minidumps are not enabled by default on client versions of Windows
#

---------------  S U M M A R Y ------------

Command Line: -Xmx64m -Xms64m -Dorg.gradle.appname=gradlew org.gradle.wrapper.GradleWrapperMain app:installDebug -PreactNativeDevServerPort=8081

Host: AMD Ryzen 5 5600H with Radeon Graphics         , 12 cores, 7G,  Windows 11 , 64 bit Build 22000 (10.0.22000.2538)
Time: Mon Jun 17 16:05:44 2024 SE Asia Standard Time elapsed time: 0.090928 seconds (0d 0h 0m 0s)

---------------  T H R E A D  ---------------

Current thread (0x0000019350c9eb50):  JavaThread "main" [_thread_in_vm, id=33092, stack(0x00000038c8b00000,0x00000038c8c00000)]

Stack: [0x00000038c8b00000,0x00000038c8c00000]
Native frames: (J=compiled Java code, j=interpreted, Vv=VM code, C=native code)
V  [jvm.dll+0x678a4a]
V  [jvm.dll+0x7d9cfd]
V  [jvm.dll+0x7db60e]
V  [jvm.dll+0x7dbc73]
V  [jvm.dll+0x245e1f]
V  [jvm.dll+0x7d5a0b]
V  [jvm.dll+0x61ebc6]
V  [jvm.dll+0x1c01f7]
V  [jvm.dll+0x621530]
V  [jvm.dll+0x61f586]
V  [jvm.dll+0x36a3c2]
V  [jvm.dll+0x1e1b4b]
V  [jvm.dll+0x53eb15]
V  [jvm.dll+0x1f0caa]
V  [jvm.dll+0x75394d]
V  [jvm.dll+0x754d46]
V  [jvm.dll+0x755078]
V  [jvm.dll+0x23e1db]
V  [jvm.dll+0x37dd3e]
C  0x000001935fa8b6ce

Java frames: (J=compiled Java code, j=interpreted, Vv=VM code)
j  java.security.SecureClassLoader.getPermissions(Ljava/security/CodeSource;)Ljava/security/PermissionCollection;+0 java.base@17.0.9
j  jdk.internal.loader.BuiltinClassLoader.getPermissions(Ljava/security/CodeSource;)Ljava/security/PermissionCollection;+6 java.base@17.0.9
j  jdk.internal.loader.ClassLoaders$AppClassLoader.getPermissions(Ljava/security/CodeSource;)Ljava/security/PermissionCollection;+2 java.base@17.0.9
j  java.security.SecureClassLoader$1.apply(Ljava/security/SecureClassLoader$CodeSourceKey;)Ljava/security/ProtectionDomain;+8 java.base@17.0.9
j  java.security.SecureClassLoader$1.apply(Ljava/lang/Object;)Ljava/lang/Object;+5 java.base@17.0.9
j  java.util.concurrent.ConcurrentHashMap.computeIfAbsent(Ljava/lang/Object;Ljava/util/function/Function;)Ljava/lang/Object;+115 java.base@17.0.9
j  java.security.SecureClassLoader.getProtectionDomain(Ljava/security/CodeSource;)Ljava/security/ProtectionDomain;+29 java.base@17.0.9
j  java.security.SecureClassLoader.defineClass(Ljava/lang/String;[BIILjava/security/CodeSource;)Ljava/lang/Class;+9 java.base@17.0.9
j  jdk.internal.loader.BuiltinClassLoader.defineClass(Ljava/lang/String;Ljdk/internal/loader/Resource;)Ljava/lang/Class;+117 java.base@17.0.9
j  jdk.internal.loader.BuiltinClassLoader.findClassOnClassPathOrNull(Ljava/lang/String;)Ljava/lang/Class;+37 java.base@17.0.9
j  jdk.internal.loader.BuiltinClassLoader.loadClassOrNull(Ljava/lang/String;Z)Ljava/lang/Class;+111 java.base@17.0.9
j  jdk.internal.loader.BuiltinClassLoader.loadClass(Ljava/lang/String;Z)Ljava/lang/Class;+3 java.base@17.0.9
j  jdk.internal.loader.ClassLoaders$AppClassLoader.loadClass(Ljava/lang/String;Z)Ljava/lang/Class;+36 java.base@17.0.9
j  java.lang.ClassLoader.loadClass(Ljava/lang/String;)Ljava/lang/Class;+3 java.base@17.0.9
v  ~StubRoutines::call_stub
j  java.lang.Class.forName0(Ljava/lang/String;ZLjava/lang/ClassLoader;Ljava/lang/Class;)Ljava/lang/Class;+0 java.base@17.0.9
j  java.lang.Class.forName(Ljava/lang/String;ZLjava/lang/ClassLoader;)Ljava/lang/Class;+43 java.base@17.0.9
j  sun.launcher.LauncherHelper.loadMainClass(ILjava/lang/String;)Ljava/lang/Class;+95 java.base@17.0.9
j  sun.launcher.LauncherHelper.checkAndLoadMain(ZILjava/lang/String;)Ljava/lang/Class;+42 java.base@17.0.9
v  ~StubRoutines::call_stub

---------------  P R O C E S S  ---------------

Threads class SMR info:
_java_thread_list=0x000001930042ca30, length=12, elements={
0x0000019350c9eb50, 0x000001930018e010, 0x000001930018f630, 0x00000193001d9430,
0x00000193001dad10, 0x00000193001db5e0, 0x000001930019a6a0, 0x0000019300161c00,
0x0000019300166520, 0x00000193001c3590, 0x000001930037eaf0, 0x000001930037f410
}

Java Threads: ( => current thread )
=>0x0000019350c9eb50 JavaThread "main" [_thread_in_vm, id=33092, stack(0x00000038c8b00000,0x00000038c8c00000)]
  0x000001930018e010 JavaThread "Reference Handler" daemon [_thread_blocked, id=13392, stack(0x00000038c9200000,0x00000038c9300000)]
  0x000001930018f630 JavaThread "Finalizer" daemon [_thread_blocked, id=33448, stack(0x00000038c9300000,0x00000038c9400000)]
  0x00000193001d9430 JavaThread "Signal Dispatcher" daemon [_thread_blocked, id=23500, stack(0x00000038c9400000,0x00000038c9500000)]
  0x00000193001dad10 JavaThread "Attach Listener" daemon [_thread_blocked, id=22232, stack(0x00000038c9500000,0x00000038c9600000)]
  0x00000193001db5e0 JavaThread "Service Thread" daemon [_thread_blocked, id=29972, stack(0x00000038c9600000,0x00000038c9700000)]
  0x000001930019a6a0 JavaThread "Monitor Deflation Thread" daemon [_thread_blocked, id=224, stack(0x00000038c9700000,0x00000038c9800000)]
  0x0000019300161c00 JavaThread "C2 CompilerThread0" daemon [_thread_blocked, id=32780, stack(0x00000038c9800000,0x00000038c9900000)]
  0x0000019300166520 JavaThread "C1 CompilerThread0" daemon [_thread_blocked, id=32900, stack(0x00000038c9900000,0x00000038c9a00000)]
  0x00000193001c3590 JavaThread "Sweeper thread" daemon [_thread_blocked, id=13632, stack(0x00000038c9a00000,0x00000038c9b00000)]
  0x000001930037eaf0 JavaThread "Notification Thread" daemon [_thread_blocked, id=6336, stack(0x00000038c9b00000,0x00000038c9c00000)]
  0x000001930037f410 JavaThread "Common-Cleaner" daemon [_thread_blocked, id=33064, stack(0x00000038c9d00000,0x00000038c9e00000)]

Other Threads:
  0x0000019350d6ec40 VMThread "VM Thread" [stack: 0x00000038c9100000,0x00000038c9200000] [id=10688]
  0x000001930037efd0 WatcherThread [stack: 0x00000038c9c00000,0x00000038c9d00000] [id=4720]
  0x0000019350cc0700 GCTaskThread "GC Thread#0" [stack: 0x00000038c8c00000,0x00000038c8d00000] [id=32872]
  0x0000019350cc2e60 ConcurrentGCThread "G1 Main Marker" [stack: 0x00000038c8d00000,0x00000038c8e00000] [id=20332]
  0x0000019350cc3870 ConcurrentGCThread "G1 Conc#0" [stack: 0x00000038c8e00000,0x00000038c8f00000] [id=31276]
  0x0000019350d2c8a0 ConcurrentGCThread "G1 Refine#0" [stack: 0x00000038c8f00000,0x00000038c9000000] [id=33720]
  0x0000019350d2d2d0 ConcurrentGCThread "G1 Service" [stack: 0x00000038c9000000,0x00000038c9100000] [id=32960]

Threads with active compile tasks:

VM state: not at safepoint (normal execution)

VM Mutex/Monitor currently owned by a thread:  ([mutex/lock_event])
[0x0000019350c9b2d0] Metaspace_lock - owner thread: 0x0000019350c9eb50

Heap address: 0x00000000fc000000, size: 64 MB, Compressed Oops mode: 32-bit

CDS archive(s) not mapped
Compressed class space mapped at: 0x0000000100000000-0x0000000140000000, reserved size: 1073741824
Narrow klass base: 0x0000000000000000, Narrow klass shift: 3, Narrow klass range: 0x140000000

GC Precious Log:
 CPUs: 12 total, 12 available
 Memory: 7524M
 Large Page Support: Disabled
 NUMA Support: Disabled
 Compressed Oops: Enabled (32-bit)
 Heap Region Size: 1M
 Heap Min Capacity: 64M
 Heap Initial Capacity: 64M
 Heap Max Capacity: 64M
 Pre-touch: Disabled
 Parallel Workers: 10
 Concurrent Workers: 3
 Concurrent Refinement Workers: 10
 Periodic GC: Disabled

Heap:
 garbage-first heap   total 65536K, used 1024K [0x00000000fc000000, 0x0000000100000000)
  region size 1024K, 2 young (2048K), 0 survivors (0K)
 Metaspace       used 4628K, committed 4672K, reserved 1114112K
  class space    used 383K, committed 384K, reserved 1048576K

Heap Regions: E=young(eden), S=young(survivor), O=old, HS=humongous(starts), HC=humongous(continues), CS=collection set, F=free, OA=open archive, CA=closed archive, TAMS=top-at-mark-start (previous, next)
|   0|0x00000000fc000000, 0x00000000fc000000, 0x00000000fc100000|  0%| F|  |TAMS 0x00000000fc000000, 0x00000000fc000000| Untracked 
|   1|0x00000000fc100000, 0x00000000fc100000, 0x00000000fc200000|  0%| F|  |TAMS 0x00000000fc100000, 0x00000000fc100000| Untracked 
|   2|0x00000000fc200000, 0x00000000fc200000, 0x00000000fc300000|  0%| F|  |TAMS 0x00000000fc200000, 0x00000000fc200000| Untracked 
|   3|0x00000000fc300000, 0x00000000fc300000, 0x00000000fc400000|  0%| F|  |TAMS 0x00000000fc300000, 0x00000000fc300000| Untracked 
|   4|0x00000000fc400000, 0x00000000fc400000, 0x00000000fc500000|  0%| F|  |TAMS 0x00000000fc400000, 0x00000000fc400000| Untracked 
|   5|0x00000000fc500000, 0x00000000fc500000, 0x00000000fc600000|  0%| F|  |TAMS 0x00000000fc500000, 0x00000000fc500000| Untracked 
|   6|0x00000000fc600000, 0x00000000fc600000, 0x00000000fc700000|  0%| F|  |TAMS 0x00000000fc600000, 0x00000000fc600000| Untracked 
|   7|0x00000000fc700000, 0x00000000fc700000, 0x00000000fc800000|  0%| F|  |TAMS 0x00000000fc700000, 0x00000000fc700000| Untracked 
|   8|0x00000000fc800000, 0x00000000fc800000, 0x00000000fc900000|  0%| F|  |TAMS 0x00000000fc800000, 0x00000000fc800000| Untracked 
|   9|0x00000000fc900000, 0x00000000fc900000, 0x00000000fca00000|  0%| F|  |TAMS 0x00000000fc900000, 0x00000000fc900000| Untracked 
|  10|0x00000000fca00000, 0x00000000fca00000, 0x00000000fcb00000|  0%| F|  |TAMS 0x00000000fca00000, 0x00000000fca00000| Untracked 
|  11|0x00000000fcb00000, 0x00000000fcb00000, 0x00000000fcc00000|  0%| F|  |TAMS 0x00000000fcb00000, 0x00000000fcb00000| Untracked 
|  12|0x00000000fcc00000, 0x00000000fcc00000, 0x00000000fcd00000|  0%| F|  |TAMS 0x00000000fcc00000, 0x00000000fcc00000| Untracked 
|  13|0x00000000fcd00000, 0x00000000fcd00000, 0x00000000fce00000|  0%| F|  |TAMS 0x00000000fcd00000, 0x00000000fcd00000| Untracked 
|  14|0x00000000fce00000, 0x00000000fce00000, 0x00000000fcf00000|  0%| F|  |TAMS 0x00000000fce00000, 0x00000000fce00000| Untracked 
|  15|0x00000000fcf00000, 0x00000000fcf00000, 0x00000000fd000000|  0%| F|  |TAMS 0x00000000fcf00000, 0x00000000fcf00000| Untracked 
|  16|0x00000000fd000000, 0x00000000fd000000, 0x00000000fd100000|  0%| F|  |TAMS 0x00000000fd000000, 0x00000000fd000000| Untracked 
|  17|0x00000000fd100000, 0x00000000fd100000, 0x00000000fd200000|  0%| F|  |TAMS 0x00000000fd100000, 0x00000000fd100000| Untracked 
|  18|0x00000000fd200000, 0x00000000fd200000, 0x00000000fd300000|  0%| F|  |TAMS 0x00000000fd200000, 0x00000000fd200000| Untracked 
|  19|0x00000000fd300000, 0x00000000fd300000, 0x00000000fd400000|  0%| F|  |TAMS 0x00000000fd300000, 0x00000000fd300000| Untracked 
|  20|0x00000000fd400000, 0x00000000fd400000, 0x00000000fd500000|  0%| F|  |TAMS 0x00000000fd400000, 0x00000000fd400000| Untracked 
|  21|0x00000000fd500000, 0x00000000fd500000, 0x00000000fd600000|  0%| F|  |TAMS 0x00000000fd500000, 0x00000000fd500000| Untracked 
|  22|0x00000000fd600000, 0x00000000fd600000, 0x00000000fd700000|  0%| F|  |TAMS 0x00000000fd600000, 0x00000000fd600000| Untracked 
|  23|0x00000000fd700000, 0x00000000fd700000, 0x00000000fd800000|  0%| F|  |TAMS 0x00000000fd700000, 0x00000000fd700000| Untracked 
|  24|0x00000000fd800000, 0x00000000fd800000, 0x00000000fd900000|  0%| F|  |TAMS 0x00000000fd800000, 0x00000000fd800000| Untracked 
|  25|0x00000000fd900000, 0x00000000fd900000, 0x00000000fda00000|  0%| F|  |TAMS 0x00000000fd900000, 0x00000000fd900000| Untracked 
|  26|0x00000000fda00000, 0x00000000fda00000, 0x00000000fdb00000|  0%| F|  |TAMS 0x00000000fda00000, 0x00000000fda00000| Untracked 
|  27|0x00000000fdb00000, 0x00000000fdb00000, 0x00000000fdc00000|  0%| F|  |TAMS 0x00000000fdb00000, 0x00000000fdb00000| Untracked 
|  28|0x00000000fdc00000, 0x00000000fdc00000, 0x00000000fdd00000|  0%| F|  |TAMS 0x00000000fdc00000, 0x00000000fdc00000| Untracked 
|  29|0x00000000fdd00000, 0x00000000fdd00000, 0x00000000fde00000|  0%| F|  |TAMS 0x00000000fdd00000, 0x00000000fdd00000| Untracked 
|  30|0x00000000fde00000, 0x00000000fde00000, 0x00000000fdf00000|  0%| F|  |TAMS 0x00000000fde00000, 0x00000000fde00000| Untracked 
|  31|0x00000000fdf00000, 0x00000000fdf00000, 0x00000000fe000000|  0%| F|  |TAMS 0x00000000fdf00000, 0x00000000fdf00000| Untracked 
|  32|0x00000000fe000000, 0x00000000fe000000, 0x00000000fe100000|  0%| F|  |TAMS 0x00000000fe000000, 0x00000000fe000000| Untracked 
|  33|0x00000000fe100000, 0x00000000fe100000, 0x00000000fe200000|  0%| F|  |TAMS 0x00000000fe100000, 0x00000000fe100000| Untracked 
|  34|0x00000000fe200000, 0x00000000fe200000, 0x00000000fe300000|  0%| F|  |TAMS 0x00000000fe200000, 0x00000000fe200000| Untracked 
|  35|0x00000000fe300000, 0x00000000fe300000, 0x00000000fe400000|  0%| F|  |TAMS 0x00000000fe300000, 0x00000000fe300000| Untracked 
|  36|0x00000000fe400000, 0x00000000fe400000, 0x00000000fe500000|  0%| F|  |TAMS 0x00000000fe400000, 0x00000000fe400000| Untracked 
|  37|0x00000000fe500000, 0x00000000fe500000, 0x00000000fe600000|  0%| F|  |TAMS 0x00000000fe500000, 0x00000000fe500000| Untracked 
|  38|0x00000000fe600000, 0x00000000fe600000, 0x00000000fe700000|  0%| F|  |TAMS 0x00000000fe600000, 0x00000000fe600000| Untracked 
|  39|0x00000000fe700000, 0x00000000fe700000, 0x00000000fe800000|  0%| F|  |TAMS 0x00000000fe700000, 0x00000000fe700000| Untracked 
|  40|0x00000000fe800000, 0x00000000fe800000, 0x00000000fe900000|  0%| F|  |TAMS 0x00000000fe800000, 0x00000000fe800000| Untracked 
|  41|0x00000000fe900000, 0x00000000fe900000, 0x00000000fea00000|  0%| F|  |TAMS 0x00000000fe900000, 0x00000000fe900000| Untracked 
|  42|0x00000000fea00000, 0x00000000fea00000, 0x00000000feb00000|  0%| F|  |TAMS 0x00000000fea00000, 0x00000000fea00000| Untracked 
|  43|0x00000000feb00000, 0x00000000feb00000, 0x00000000fec00000|  0%| F|  |TAMS 0x00000000feb00000, 0x00000000feb00000| Untracked 
|  44|0x00000000fec00000, 0x00000000fec00000, 0x00000000fed00000|  0%| F|  |TAMS 0x00000000fec00000, 0x00000000fec00000| Untracked 
|  45|0x00000000fed00000, 0x00000000fed00000, 0x00000000fee00000|  0%| F|  |TAMS 0x00000000fed00000, 0x00000000fed00000| Untracked 
|  46|0x00000000fee00000, 0x00000000fee00000, 0x00000000fef00000|  0%| F|  |TAMS 0x00000000fee00000, 0x00000000fee00000| Untracked 
|  47|0x00000000fef00000, 0x00000000fef00000, 0x00000000ff000000|  0%| F|  |TAMS 0x00000000fef00000, 0x00000000fef00000| Untracked 
|  48|0x00000000ff000000, 0x00000000ff000000, 0x00000000ff100000|  0%| F|  |TAMS 0x00000000ff000000, 0x00000000ff000000| Untracked 
|  49|0x00000000ff100000, 0x00000000ff100000, 0x00000000ff200000|  0%| F|  |TAMS 0x00000000ff100000, 0x00000000ff100000| Untracked 
|  50|0x00000000ff200000, 0x00000000ff200000, 0x00000000ff300000|  0%| F|  |TAMS 0x00000000ff200000, 0x00000000ff200000| Untracked 
|  51|0x00000000ff300000, 0x00000000ff300000, 0x00000000ff400000|  0%| F|  |TAMS 0x00000000ff300000, 0x00000000ff300000| Untracked 
|  52|0x00000000ff400000, 0x00000000ff400000, 0x00000000ff500000|  0%| F|  |TAMS 0x00000000ff400000, 0x00000000ff400000| Untracked 
|  53|0x00000000ff500000, 0x00000000ff500000, 0x00000000ff600000|  0%| F|  |TAMS 0x00000000ff500000, 0x00000000ff500000| Untracked 
|  54|0x00000000ff600000, 0x00000000ff600000, 0x00000000ff700000|  0%| F|  |TAMS 0x00000000ff600000, 0x00000000ff600000| Untracked 
|  55|0x00000000ff700000, 0x00000000ff700000, 0x00000000ff800000|  0%| F|  |TAMS 0x00000000ff700000, 0x00000000ff700000| Untracked 
|  56|0x00000000ff800000, 0x00000000ff800000, 0x00000000ff900000|  0%| F|  |TAMS 0x00000000ff800000, 0x00000000ff800000| Untracked 
|  57|0x00000000ff900000, 0x00000000ff900000, 0x00000000ffa00000|  0%| F|  |TAMS 0x00000000ff900000, 0x00000000ff900000| Untracked 
|  58|0x00000000ffa00000, 0x00000000ffa00000, 0x00000000ffb00000|  0%| F|  |TAMS 0x00000000ffa00000, 0x00000000ffa00000| Untracked 
|  59|0x00000000ffb00000, 0x00000000ffb00000, 0x00000000ffc00000|  0%| F|  |TAMS 0x00000000ffb00000, 0x00000000ffb00000| Untracked 
|  60|0x00000000ffc00000, 0x00000000ffc00000, 0x00000000ffd00000|  0%| F|  |TAMS 0x00000000ffc00000, 0x00000000ffc00000| Untracked 
|  61|0x00000000ffd00000, 0x00000000ffd00000, 0x00000000ffe00000|  0%| F|  |TAMS 0x00000000ffd00000, 0x00000000ffd00000| Untracked 
|  62|0x00000000ffe00000, 0x00000000ffe76458, 0x00000000fff00000| 46%| E|  |TAMS 0x00000000ffe00000, 0x00000000ffe00000| Complete 
|  63|0x00000000fff00000, 0x0000000100000000, 0x0000000100000000|100%| E|CS|TAMS 0x00000000fff00000, 0x00000000fff00000| Complete 

Card table byte_map: [0x0000019350c00000,0x0000019350c20000] _byte_map_base: 0x0000019350420000

Marking Bits (Prev, Next): (CMBitMap*) 0x0000019350cc1d30, (CMBitMap*) 0x0000019350cc1d70
 Prev Bits: [0x0000019367aa0000, 0x0000019367ba0000)
 Next Bits: [0x0000019367ba0000, 0x0000019367ca0000)

Polling page: 0x0000019350470000

Metaspace:

Usage:
  Non-class:      4.15 MB used.
      Class:    383.91 KB used.
       Both:      4.52 MB used.

Virtual space:
  Non-class space:       64.00 MB reserved,       4.19 MB (  7%) committed,  1 nodes.
      Class space:        1.00 GB reserved,     384.00 KB ( <1%) committed,  1 nodes.
             Both:        1.06 GB reserved,       4.56 MB ( <1%) committed. 

Chunk freelists:
   Non-Class:  11.00 MB
       Class:  15.56 MB
        Both:  26.56 MB

MaxMetaspaceSize: unlimited
CompressedClassSpaceSize: 1.00 GB
Initial GC threshold: 21.00 MB
Current GC threshold: 21.00 MB
CDS: off
MetaspaceReclaimPolicy: balanced
 - commit_granule_bytes: 65536.
 - commit_granule_words: 8192.
 - virtual_space_node_default_size: 8388608.
 - enlarge_chunks_in_place: 1.
 - new_chunks_are_fully_committed: 0.
 - uncommit_free_chunks: 1.
 - use_allocation_guard: 0.
 - handle_deallocations: 1.


Internal statistics:

num_allocs_failed_limit: 0.
num_arena_births: 2.
num_arena_deaths: 0.
num_vsnodes_births: 2.
num_vsnodes_deaths: 0.
num_space_committed: 73.
num_space_uncommitted: 0.
num_chunks_returned_to_freelist: 0.
num_chunks_taken_from_freelist: 5.
num_chunk_merges: 0.
num_chunk_splits: 3.
num_chunks_enlarged: 0.
num_inconsistent_stats: 0.

CodeHeap 'non-profiled nmethods': size=120000Kb used=13Kb max_used=13Kb free=119986Kb
 bounds [0x0000019360010000, 0x0000019360280000, 0x0000019367540000]
CodeHeap 'profiled nmethods': size=120000Kb used=92Kb max_used=92Kb free=119907Kb
 bounds [0x0000019358540000, 0x00000193587b0000, 0x000001935fa70000]
CodeHeap 'non-nmethods': size=5760Kb used=1057Kb max_used=1071Kb free=4702Kb
 bounds [0x000001935fa70000, 0x000001935fce0000, 0x0000019360010000]
 total_blobs=391 nmethods=73 adapters=231
 compilation: enabled
              stopped_count=0, restarted_count=0
 full_count=0

Compilation events (20 events):
Event: 0.070 Thread 0x0000019300166520 nmethod 63 0x0000019358554510 code [0x00000193585546a0, 0x0000019358554818]
Event: 0.070 Thread 0x0000019300166520   64       3       java.lang.StringBuilder::append (8 bytes)
Event: 0.070 Thread 0x0000019300166520 nmethod 64 0x0000019358554890 code [0x0000019358554a20, 0x0000019358554b68]
Event: 0.070 Thread 0x0000019300166520   65       3       java.util.Optional::<init> (10 bytes)
Event: 0.070 Thread 0x0000019300166520 nmethod 65 0x0000019358554c10 code [0x0000019358554da0, 0x0000019358554f58]
Event: 0.073 Thread 0x0000019300166520   66       3       java.lang.String::isEmpty (14 bytes)
Event: 0.073 Thread 0x0000019300166520 nmethod 66 0x0000019358555010 code [0x00000193585551a0, 0x0000019358555318]
Event: 0.074 Thread 0x0000019300166520   67       3       java.lang.StringLatin1::indexOfChar (33 bytes)
Event: 0.074 Thread 0x0000019300166520 nmethod 67 0x0000019358555410 code [0x00000193585555c0, 0x00000193585557f8]
Event: 0.077 Thread 0x0000019300166520   68       3       java.lang.String::indexOf (29 bytes)
Event: 0.077 Thread 0x0000019300166520 nmethod 68 0x0000019358555910 code [0x0000019358555ae0, 0x0000019358555d78]
Event: 0.077 Thread 0x0000019300166520   69       3       java.lang.StringLatin1::indexOf (36 bytes)
Event: 0.077 Thread 0x0000019300166520 nmethod 69 0x0000019358555e90 code [0x0000019358556060, 0x0000019358556498]
Event: 0.077 Thread 0x0000019300166520   70       3       java.lang.Math::min (11 bytes)
Event: 0.077 Thread 0x0000019300166520 nmethod 70 0x0000019358556610 code [0x00000193585567a0, 0x00000193585568d8]
Event: 0.082 Thread 0x0000019300166520   71       3       java.util.zip.ZipUtils::SH (21 bytes)
Event: 0.082 Thread 0x0000019300166520 nmethod 71 0x0000019358556990 code [0x0000019358556b20, 0x0000019358556c78]
Event: 0.086 Thread 0x0000019300166520   72       3       java.util.HashMap::put (13 bytes)
Event: 0.086 Thread 0x0000019300161c00   73       4       java.lang.StringLatin1::hashCode (42 bytes)
Event: 0.086 Thread 0x0000019300166520 nmethod 72 0x0000019358556d90 code [0x0000019358556f40, 0x0000019358557238]

GC Heap History (0 events):
No events

Deoptimization events (0 events):
No events

Classes unloaded (0 events):
No events

Classes redefined (0 events):
No events

Internal exceptions (0 events):
No events

VM Operations (2 events):
Event: 0.086 Executing VM operation: HandshakeAllThreads
Event: 0.086 Executing VM operation: HandshakeAllThreads done

Events (20 events):
Event: 0.086 loading class java/lang/Package done
Event: 0.086 loading class java/lang/Package$VersionInfo
Event: 0.086 loading class java/lang/Package$VersionInfo done
Event: 0.086 loading class sun/nio/ByteBuffered
Event: 0.086 loading class sun/nio/ByteBuffered done
Event: 0.086 loading class java/util/zip/CRC32
Event: 0.086 loading class java/util/zip/Checksum
Event: 0.086 loading class java/util/zip/Checksum done
Event: 0.086 loading class java/util/zip/CRC32 done
Event: 0.086 loading class java/util/zip/Checksum$1
Event: 0.086 loading class java/util/zip/Checksum$1 done
Event: 0.087 loading class java/security/SecureClassLoader$CodeSourceKey
Event: 0.087 loading class java/security/SecureClassLoader$CodeSourceKey done
Event: 0.087 loading class java/security/SecureClassLoader$1
Event: 0.087 loading class java/security/SecureClassLoader$1 done
Event: 0.087 loading class sun/security/util/LazyCodeSourcePermissionCollection
Event: 0.087 loading class java/security/PermissionCollection
Event: 0.087 loading class java/security/PermissionCollection done
Event: 0.087 loading class sun/security/util/LazyCodeSourcePermissionCollection done
Event: 0.087 loading class java/security/Permissions


Dynamic libraries:
0x00007ff70a810000 - 0x00007ff70a820000 	C:\Program Files\Java\jdk-17\bin\java.exe
0x00007ffb9daa0000 - 0x00007ffb9dca9000 	C:\WINDOWS\SYSTEM32\ntdll.dll
0x00007ffb9b8f0000 - 0x00007ffb9b9ad000 	C:\WINDOWS\System32\KERNEL32.DLL
0x00007ffb9b560000 - 0x00007ffb9b8e4000 	C:\WINDOWS\System32\KERNELBASE.dll
0x00007ffb9b040000 - 0x00007ffb9b151000 	C:\WINDOWS\System32\ucrtbase.dll
0x00007ffb67970000 - 0x00007ffb67989000 	C:\Program Files\Java\jdk-17\bin\jli.dll
0x00007ffb65550000 - 0x00007ffb6556b000 	C:\Program Files\Java\jdk-17\bin\VCRUNTIME140.dll
0x00007ffb9d290000 - 0x00007ffb9d33e000 	C:\WINDOWS\System32\ADVAPI32.dll
0x00007ffb9d4e0000 - 0x00007ffb9d583000 	C:\WINDOWS\System32\msvcrt.dll
0x00007ffb9cbd0000 - 0x00007ffb9cc6e000 	C:\WINDOWS\System32\sechost.dll
0x00007ffb9d040000 - 0x00007ffb9d161000 	C:\WINDOWS\System32\RPCRT4.dll
0x00007ffb9ca20000 - 0x00007ffb9cbcd000 	C:\WINDOWS\System32\USER32.dll
0x00007ffb9b160000 - 0x00007ffb9b186000 	C:\WINDOWS\System32\win32u.dll
0x00007ffb9ce50000 - 0x00007ffb9ce7a000 	C:\WINDOWS\System32\GDI32.dll
0x00007ffb850e0000 - 0x00007ffb85385000 	C:\WINDOWS\WinSxS\amd64_microsoft.windows.common-controls_6595b64144ccf1df_6.0.22000.120_none_9d947278b86cc467\COMCTL32.dll
0x00007ffb9b190000 - 0x00007ffb9b2ae000 	C:\WINDOWS\System32\gdi32full.dll
0x00007ffb9afa0000 - 0x00007ffb9b03d000 	C:\WINDOWS\System32\msvcp_win.dll
0x00007ffb94bb0000 - 0x00007ffb94bba000 	C:\WINDOWS\SYSTEM32\VERSION.dll
0x00007ffb9d590000 - 0x00007ffb9d5c1000 	C:\WINDOWS\System32\IMM32.DLL
0x00007ffb76a30000 - 0x00007ffb76a3c000 	C:\Program Files\Java\jdk-17\bin\vcruntime140_1.dll
0x00007ffb4d910000 - 0x00007ffb4d99e000 	C:\Program Files\Java\jdk-17\bin\msvcp140.dll
0x00007ffaff310000 - 0x00007ffaffef1000 	C:\Program Files\Java\jdk-17\bin\server\jvm.dll
0x00007ffb9c980000 - 0x00007ffb9c988000 	C:\WINDOWS\System32\PSAPI.DLL
0x00007ffb95160000 - 0x00007ffb95193000 	C:\WINDOWS\SYSTEM32\WINMM.dll
0x00007ffb76930000 - 0x00007ffb76939000 	C:\WINDOWS\SYSTEM32\WSOCK32.dll
0x00007ffb9cc70000 - 0x00007ffb9ccdf000 	C:\WINDOWS\System32\WS2_32.dll
0x00007ffb99f60000 - 0x00007ffb99f78000 	C:\WINDOWS\SYSTEM32\kernel.appcore.dll
0x00007ffb6fe80000 - 0x00007ffb6fe8a000 	C:\Program Files\Java\jdk-17\bin\jimage.dll
0x00007ffb8ff50000 - 0x00007ffb90171000 	C:\WINDOWS\SYSTEM32\DBGHELP.DLL
0x00007ffb7a6c0000 - 0x00007ffb7a6f1000 	C:\WINDOWS\SYSTEM32\dbgcore.DLL
0x00007ffb9b370000 - 0x00007ffb9b3ef000 	C:\WINDOWS\System32\bcryptPrimitives.dll
0x00007ffb59200000 - 0x00007ffb59225000 	C:\Program Files\Java\jdk-17\bin\java.dll
0x00007ffb2bdd0000 - 0x00007ffb2bea7000 	C:\Program Files\Java\jdk-17\bin\jsvml.dll
0x00007ffb9bfa0000 - 0x00007ffb9c765000 	C:\WINDOWS\System32\SHELL32.dll
0x00007ffb98fc0000 - 0x00007ffb99822000 	C:\WINDOWS\SYSTEM32\windows.storage.dll
0x00007ffb9d5e0000 - 0x00007ffb9d956000 	C:\WINDOWS\System32\combase.dll
0x00007ffb98e50000 - 0x00007ffb98fb7000 	C:\WINDOWS\SYSTEM32\wintypes.dll
0x00007ffb9beb0000 - 0x00007ffb9bf9a000 	C:\WINDOWS\System32\SHCORE.dll
0x00007ffb9c8b0000 - 0x00007ffb9c90d000 	C:\WINDOWS\System32\shlwapi.dll
0x00007ffb9ae60000 - 0x00007ffb9ae85000 	C:\WINDOWS\SYSTEM32\profapi.dll
0x00007ffb65040000 - 0x00007ffb65059000 	C:\Program Files\Java\jdk-17\bin\net.dll
0x00007ffb95e80000 - 0x00007ffb95f94000 	C:\WINDOWS\SYSTEM32\WINHTTP.dll
0x00007ffb9a400000 - 0x00007ffb9a467000 	C:\WINDOWS\system32\mswsock.dll
0x00007ffb5bd90000 - 0x00007ffb5bda6000 	C:\Program Files\Java\jdk-17\bin\nio.dll
0x00007ffb59a20000 - 0x00007ffb59a38000 	C:\Program Files\Java\jdk-17\bin\zip.dll

dbghelp: loaded successfully - version: 4.0.5 - missing functions: none
symbol engine: initialized successfully - sym options: 0x614 - pdb path: .;C:\Program Files\Java\jdk-17\bin;C:\WINDOWS\SYSTEM32;C:\WINDOWS\WinSxS\amd64_microsoft.windows.common-controls_6595b64144ccf1df_6.0.22000.120_none_9d947278b86cc467;C:\Program Files\Java\jdk-17\bin\server

VM Arguments:
jvm_args: -Xmx64m -Xms64m -Dorg.gradle.appname=gradlew 
java_command: org.gradle.wrapper.GradleWrapperMain app:installDebug -PreactNativeDevServerPort=8081
java_class_path (initial): D:\New folder\Udemy\todolist\todolist\android\\gradle\wrapper\gradle-wrapper.jar
Launcher Type: SUN_STANDARD

[Global flags]
     intx CICompilerCount                          = 4                                         {product} {ergonomic}
     uint ConcGCThreads                            = 3                                         {product} {ergonomic}
     uint G1ConcRefinementThreads                  = 10                                        {product} {ergonomic}
   size_t G1HeapRegionSize                         = 1048576                                   {product} {ergonomic}
    uintx GCDrainStackTargetSize                   = 64                                        {product} {ergonomic}
   size_t InitialHeapSize                          = 67108864                                  {product} {command line}
   size_t MarkStackSize                            = 4194304                                   {product} {ergonomic}
   size_t MaxHeapSize                              = 67108864                                  {product} {command line}
   size_t MaxNewSize                               = 39845888                                  {product} {ergonomic}
   size_t MinHeapDeltaBytes                        = 1048576                                   {product} {ergonomic}
   size_t MinHeapSize                              = 67108864                                  {product} {command line}
    uintx NonNMethodCodeHeapSize                   = 5839372                                {pd product} {ergonomic}
    uintx NonProfiledCodeHeapSize                  = 122909434                              {pd product} {ergonomic}
    uintx ProfiledCodeHeapSize                     = 122909434                              {pd product} {ergonomic}
    uintx ReservedCodeCacheSize                    = 251658240                              {pd product} {ergonomic}
     bool SegmentedCodeCache                       = true                                      {product} {ergonomic}
   size_t SoftMaxHeapSize                          = 67108864                               {manageable} {ergonomic}
     bool UseCompressedClassPointers               = true                           {product lp64_product} {ergonomic}
     bool UseCompressedOops                        = true                           {product lp64_product} {ergonomic}
     bool UseG1GC                                  = true                                      {product} {ergonomic}
     bool UseLargePagesIndividualAllocation        = false                                  {pd product} {ergonomic}

Logging:
Log output configuration:
 #0: stdout all=warning uptime,level,tags
 #1: stderr all=off uptime,level,tags

Environment Variables:
JAVA_HOME=C:\Program Files\Java\jdk-17
CLASSPATH=D:\New folder\Udemy\todolist\todolist\android\\gradle\wrapper\gradle-wrapper.jar
PATH=D:\New folder\Udemy\todolist\todolist\node_modules\.bin;D:\New folder\Udemy\todolist\todolist\node_modules\.bin;D:\New folder\Udemy\todolist\node_modules\.bin;D:\New folder\Udemy\node_modules\.bin;D:\New folder\node_modules\.bin;D:\node_modules\.bin;C:\Users\HP\AppData\Roaming\nvm\v18.17.1\node_modules\npm\node_modules\@npmcli\run-script\lib\node-gyp-bin;D:\New folder\Udemy\todolist\todolist\node_modules\.bin;D:\New folder\Udemy\todolist\node_modules\.bin;D:\New folder\Udemy\node_modules\.bin;D:\New folder\node_modules\.bin;D:\node_modules\.bin;C:\Users\HP\AppData\Roaming\nvm\v18.17.1\node_modules\npm\node_modules\@npmcli\run-script\lib\node-gyp-bin;C:\Program Files\PowerShell\7;C:\Program Files\Common Files\Oracle\Java\javapath;C:\windows\system32;C:\windows;C:\windows\System32\Wbem;C:\windows\System32\WindowsPowerShell\v1.0\;C:\windows\System32\OpenSSH\;C:\Program Files (x86)\NVIDIA Corporation\PhysX\Common;C:\Program Files\NVIDIA Corporation\NVIDIA NvDLISR;C:\Program Files\Git\cmd;C:\ProgramData\chocolatey\bin;C:\Users\HP\Downloads\Programs\jdk11\bin;C:\Users\HP\AppData\Local\Android\Sdk\platform-tools;C:\WINDOWS\system32;C:\WINDOWS;C:\WINDOWS\System32\Wbem;C:\WINDOWS\System32\WindowsPowerShell\v1.0\;C:\WINDOWS\System32\OpenSSH\;C:\Program Files\MongoDB\Server\6.0\bin;C:\Users\HP\AppData\Roaming\nvm;C:\Program Files\nodejs;C:\xampp\php;C:\Program Files\PowerShell\7\;C:\Users\HP\AppData\Local\Android\Sdk\tools;C:\Program Files\MySQL\MySQL Shell 8.0\bin\;C:\Users\HP\AppData\Local\Microsoft\WindowsApps;C:\Users\HP\AppData\Local\Programs\Microsoft VS Code\bin;C:\Users\HP\AppData\Local\GitHubDesktop\bin;C:\Program Files\Java\jdk-17\bin;C:\Users\HP\AppData\Roaming\nvm;C:\Program Files\nodejs;C:\Users\HP\AppData\Local\Android\Sdk\platform-tools;C:\Program Files\OpenSSL-Win64\bin;
USERNAME=HP
LANG=en_US.UTF-8
OS=Windows_NT
PROCESSOR_IDENTIFIER=AMD64 Family 25 Model 80 Stepping 0, AuthenticAMD



---------------  S Y S T E M  ---------------

OS:
 Windows 11 , 64 bit Build 22000 (10.0.22000.2538)
OS uptime: 0 days 22:27 hours
Hyper-V role detected

CPU: total 12 (initial active 12) (12 cores per cpu, 2 threads per core) family 25 model 80 stepping 0 microcode 0x0, cx8, cmov, fxsr, ht, mmx, 3dnowpref, sse, sse2, sse3, ssse3, sse4a, sse4.1, sse4.2, popcnt, lzcnt, tsc, tscinvbit, avx, avx2, aes, erms, clmul, bmi1, bmi2, adx, sha, fma, vzeroupper, clflush, clflushopt, hv

Memory: 4k page, system-wide physical 7524M (256M free)
TotalPageFile size 31076M (AvailPageFile size 0M)
current process WorkingSet (physical memory assigned to process): 27M, peak: 27M
current process commit charge ("private bytes"): 139M, peak: 139M

vm_info: Java HotSpot(TM) 64-Bit Server VM (17.0.9+11-LTS-201) for windows-amd64 JRE (17.0.9+11-LTS-201), built on Oct 10 2023 23:16:06 by "mach5one" with MS VC++ 17.1 (VS2022)

END.
